Using pre-set license
Built from '2021.3/staging' branch; Version is '2021.3.3f1 (af2e63e8f9bd) revision 11480675'; Using compiler version '192829333'; Build Type 'Release'
OS: 'Windows 10  (10.0.19044) 64bit Core' Language: 'en' Physical Memory: 16322 MB
BatchMode: 1, IsHumanControllingUs: 0, StartBugReporterOnCrash: 0, Is64bit: 1, IsPro: 1

COMMAND LINE ARGUMENTS:
C:\Program Files\Unity\Hub\Editor\2021.3.3f1\Editor\Unity.exe
-adb2
-batchMode
-noUpm
-name
AssetImportWorker0
-projectPath
C:/School/Second Year/First Semester/GAME_312/Lab1-BobbleheadWars-2022
-logFile
Logs/AssetImportWorker0.log
-srvPort
62605
Successfully changed project path to: C:/School/Second Year/First Semester/GAME_312/Lab1-BobbleheadWars-2022
C:/School/Second Year/First Semester/GAME_312/Lab1-BobbleheadWars-2022
[UnityMemory] Configuration Parameters - Can be set up in boot.config
    "memorysetup-bucket-allocator-granularity=16"
    "memorysetup-bucket-allocator-bucket-count=8"
    "memorysetup-bucket-allocator-block-size=33554432"
    "memorysetup-bucket-allocator-block-count=8"
    "memorysetup-main-allocator-block-size=16777216"
    "memorysetup-thread-allocator-block-size=16777216"
    "memorysetup-gfx-main-allocator-block-size=16777216"
    "memorysetup-gfx-thread-allocator-block-size=16777216"
    "memorysetup-cache-allocator-block-size=4194304"
    "memorysetup-typetree-allocator-block-size=2097152"
    "memorysetup-profiler-bucket-allocator-granularity=16"
    "memorysetup-profiler-bucket-allocator-bucket-count=8"
    "memorysetup-profiler-bucket-allocator-block-size=33554432"
    "memorysetup-profiler-bucket-allocator-block-count=8"
    "memorysetup-profiler-allocator-block-size=16777216"
    "memorysetup-profiler-editor-allocator-block-size=1048576"
    "memorysetup-temp-allocator-size-main=16777216"
    "memorysetup-job-temp-allocator-block-size=2097152"
    "memorysetup-job-temp-allocator-block-size-background=1048576"
    "memorysetup-job-temp-allocator-reduction-small-platforms=262144"
    "memorysetup-temp-allocator-size-background-worker=32768"
    "memorysetup-temp-allocator-size-job-worker=262144"
    "memorysetup-temp-allocator-size-preload-manager=33554432"
    "memorysetup-temp-allocator-size-nav-mesh-worker=65536"
    "memorysetup-temp-allocator-size-audio-worker=65536"
    "memorysetup-temp-allocator-size-cloud-worker=32768"
    "memorysetup-temp-allocator-size-gi-baking-worker=262144"
    "memorysetup-temp-allocator-size-gfx=262144"
Refreshing native plugins compatible for Editor in 70.69 ms, found 3 plugins.
Preloading 0 native plugins for Editor in 0.00 ms.
Initialize engine version: 2021.3.3f1 (af2e63e8f9bd)
[Subsystems] Discovering subsystems at path C:/Program Files/Unity/Hub/Editor/2021.3.3f1/Editor/Data/Resources/UnitySubsystems
[Subsystems] Discovering subsystems at path C:/School/Second Year/First Semester/GAME_312/Lab1-BobbleheadWars-2022/Assets
GfxDevice: creating device client; threaded=0; jobified=0
Direct3D:
    Version:  Direct3D 11.0 [level 11.1]
    Renderer: Radeon RX 580 Series (ID=0x67df)
    Vendor:   ATI
    VRAM:     8170 MB
    Driver:   30.0.15021.11005
Initialize mono
Mono path[0] = 'C:/Program Files/Unity/Hub/Editor/2021.3.3f1/Editor/Data/Managed'
Mono path[1] = 'C:/Program Files/Unity/Hub/Editor/2021.3.3f1/Editor/Data/MonoBleedingEdge/lib/mono/unityjit-win32'
Mono config path = 'C:/Program Files/Unity/Hub/Editor/2021.3.3f1/Editor/Data/MonoBleedingEdge/etc'
Using monoOptions --debugger-agent=transport=dt_socket,embedding=1,server=y,suspend=n,address=127.0.0.1:56220
Begin MonoManager ReloadAssembly
Registering precompiled unity dll's ...
Register platform support module: C:/Program Files/Unity/Hub/Editor/2021.3.3f1/Editor/Data/PlaybackEngines/WindowsStandaloneSupport/UnityEditor.WindowsStandalone.Extensions.dll
Registered in 0.009871 seconds.
Native extension for WindowsStandalone target not found
Refreshing native plugins compatible for Editor in 66.77 ms, found 3 plugins.
Preloading 0 native plugins for Editor in 0.00 ms.
Mono: successfully reloaded assembly
- Completed reload, in  0.625 seconds
Domain Reload Profiling:
	ReloadAssembly (626ms)
		BeginReloadAssembly (71ms)
			ExecutionOrderSort (0ms)
			DisableScriptedObjects (0ms)
			BackupInstance (0ms)
			ReleaseScriptingObjects (0ms)
			CreateAndSetChildDomain (1ms)
		EndReloadAssembly (435ms)
			LoadAssemblies (69ms)
			RebuildTransferFunctionScriptingTraits (0ms)
			SetupTypeCache (98ms)
			ReleaseScriptCaches (0ms)
			RebuildScriptCaches (29ms)
			SetupLoadedEditorAssemblies (254ms)
				LogAssemblyErrors (0ms)
				InitializePlatformSupportModulesInManaged (8ms)
				SetLoadedEditorAssemblies (0ms)
				RefreshPlugins (67ms)
				BeforeProcessingInitializeOnLoad (2ms)
				ProcessInitializeOnLoadAttributes (135ms)
				ProcessInitializeOnLoadMethodAttributes (43ms)
				AfterProcessingInitializeOnLoad (0ms)
				EditorAssembliesLoaded (0ms)
			ExecutionOrderSort2 (0ms)
			AwakeInstancesAfterBackupRestoration (0ms)
Platform modules already initialized, skipping
Registering precompiled user dll's ...
Registered in 0.005777 seconds.
Begin MonoManager ReloadAssembly
Symbol file LoadedFromMemory doesn't match image C:\School\Second Year\First Semester\GAME_312\Lab1-BobbleheadWars-2022\Library\PackageCache\com.unity.visualscripting@1.7.6\Editor\VisualScripting.Core\Dependencies\YamlDotNet\Unity.VisualScripting.YamlDotNet.dll
Symbol file LoadedFromMemory doesn't match image C:\School\Second Year\First Semester\GAME_312\Lab1-BobbleheadWars-2022\Library\PackageCache\com.unity.visualscripting@1.7.6\Editor\VisualScripting.Core\Dependencies\DotNetZip\Unity.VisualScripting.IonicZip.dll
Native extension for WindowsStandalone target not found
Refreshing native plugins compatible for Editor in 0.48 ms, found 3 plugins.
Preloading 0 native plugins for Editor in 0.00 ms.
Mono: successfully reloaded assembly
- Completed reload, in  1.133 seconds
Domain Reload Profiling:
	ReloadAssembly (1134ms)
		BeginReloadAssembly (102ms)
			ExecutionOrderSort (0ms)
			DisableScriptedObjects (6ms)
			BackupInstance (0ms)
			ReleaseScriptingObjects (0ms)
			CreateAndSetChildDomain (16ms)
		EndReloadAssembly (920ms)
			LoadAssemblies (73ms)
			RebuildTransferFunctionScriptingTraits (0ms)
			SetupTypeCache (315ms)
			ReleaseScriptCaches (1ms)
			RebuildScriptCaches (45ms)
			SetupLoadedEditorAssemblies (448ms)
				LogAssemblyErrors (0ms)
				InitializePlatformSupportModulesInManaged (6ms)
				SetLoadedEditorAssemblies (0ms)
				RefreshPlugins (1ms)
				BeforeProcessingInitializeOnLoad (85ms)
				ProcessInitializeOnLoadAttributes (320ms)
				ProcessInitializeOnLoadMethodAttributes (25ms)
				AfterProcessingInitializeOnLoad (11ms)
				EditorAssembliesLoaded (0ms)
			ExecutionOrderSort2 (0ms)
			AwakeInstancesAfterBackupRestoration (6ms)
Platform modules already initialized, skipping
========================================================================
Worker process is ready to serve import requests
Launched and connected shader compiler UnityShaderCompiler.exe after 0.03 seconds
Refreshing native plugins compatible for Editor in 0.52 ms, found 3 plugins.
Preloading 0 native plugins for Editor in 0.00 ms.
Unloading 3244 Unused Serialized files (Serialized files now loaded: 0)
Unloading 23 unused Assets / (55.6 KB). Loaded Objects now: 3704.
Memory consumption went from 111.5 MB to 111.4 MB.
Total: 2.564800 ms (FindLiveObjects: 0.245000 ms CreateObjectMapping: 0.199200 ms MarkObjects: 2.068900 ms  DeleteObjects: 0.051000 ms)

AssetImportParameters requested are different than current active one (requested -> active):
  custom:video-decoder-ogg-theora: a1e56fd34408186e4bbccfd4996cb3dc -> 
  custom:container-muxer-webm: aa71ff27fc2769a1b78a27578f13a17b -> 
  custom:container-demuxer-webm: 4f35f7cbe854078d1ac9338744f61a02 -> 
  custom:video-encoder-webm-vp8: eb34c28f22e8b96e1ab97ce403110664 -> 
  custom:audio-encoder-webm-vorbis: bf7c407c2cedff20999df2af8eb42d56 -> 
  custom:framework-win-MediaFoundation: 216162199b28c13a410421893ffa2e32 -> 
  custom:container-demuxer-ogg: 62fdf1f143b41e24485cea50d1cbac27 -> 
  custom:video-decoder-webm-vp8: 9c59270c3fd7afecdb556c50c9e8de78 -> 
  custom:audio-decoder-ogg-vorbis: bf7c407c2cedff20999df2af8eb42d56 -> 
========================================================================
Received Import Request.
  Time since last request: 4559.127780 seconds.
  path: Assets/Prefabs/Alien.prefab
  artifactKey: Guid(0c2b2bf1412e30943b5443c02379dc39) Importer(815301076,1909f56bfc062723c751e8b465ee728b)
Start importing Assets/Prefabs/Alien.prefab using Guid(0c2b2bf1412e30943b5443c02379dc39) Importer(815301076,1909f56bfc062723c751e8b465ee728b)  -> (artifact id: '4f3ffeaf03f0c548d2951635fceab79f') in 0.123296 seconds 
========================================================================
Received Import Request.
  Time since last request: 2.561303 seconds.
  path: Assets/Prefabs/Alien.prefab
  artifactKey: Guid(0c2b2bf1412e30943b5443c02379dc39) Importer(815301076,1909f56bfc062723c751e8b465ee728b)
Start importing Assets/Prefabs/Alien.prefab using Guid(0c2b2bf1412e30943b5443c02379dc39) Importer(815301076,1909f56bfc062723c751e8b465ee728b)  -> (artifact id: '41ab180a173505f795ee87db1057e6f7') in 0.016967 seconds 
========================================================================
Received Import Request.
  Time since last request: 1.358949 seconds.
  path: Assets/Prefabs/Alien.prefab
  artifactKey: Guid(0c2b2bf1412e30943b5443c02379dc39) Importer(815301076,1909f56bfc062723c751e8b465ee728b)
Start importing Assets/Prefabs/Alien.prefab using Guid(0c2b2bf1412e30943b5443c02379dc39) Importer(815301076,1909f56bfc062723c751e8b465ee728b)  -> (artifact id: '0bab70a0e9e2aa85df73512cd8c5e1df') in 0.015305 seconds 
========================================================================
Received Import Request.
  Time since last request: 4.879318 seconds.
  path: Assets/Prefabs/Alien.prefab
  artifactKey: Guid(0c2b2bf1412e30943b5443c02379dc39) Importer(815301076,1909f56bfc062723c751e8b465ee728b)
Start importing Assets/Prefabs/Alien.prefab using Guid(0c2b2bf1412e30943b5443c02379dc39) Importer(815301076,1909f56bfc062723c751e8b465ee728b)  -> (artifact id: '874cf6f7e0b371cedfa6850b96de1262') in 0.015398 seconds 
========================================================================
Received Prepare
Registering precompiled user dll's ...
Registered in 0.005061 seconds.
Begin MonoManager ReloadAssembly
Symbol file LoadedFromMemory doesn't match image C:\School\Second Year\First Semester\GAME_312\Lab1-BobbleheadWars-2022\Library\PackageCache\com.unity.visualscripting@1.7.6\Editor\VisualScripting.Core\Dependencies\YamlDotNet\Unity.VisualScripting.YamlDotNet.dll
Symbol file LoadedFromMemory doesn't match image C:\School\Second Year\First Semester\GAME_312\Lab1-BobbleheadWars-2022\Library\PackageCache\com.unity.visualscripting@1.7.6\Editor\VisualScripting.Core\Dependencies\DotNetZip\Unity.VisualScripting.IonicZip.dll
Native extension for WindowsStandalone target not found
Refreshing native plugins compatible for Editor in 0.54 ms, found 3 plugins.
Preloading 0 native plugins for Editor in 0.00 ms.
Mono: successfully reloaded assembly
- Completed reload, in  0.995 seconds
Domain Reload Profiling:
	ReloadAssembly (995ms)
		BeginReloadAssembly (125ms)
			ExecutionOrderSort (0ms)
			DisableScriptedObjects (4ms)
			BackupInstance (0ms)
			ReleaseScriptingObjects (0ms)
			CreateAndSetChildDomain (31ms)
		EndReloadAssembly (769ms)
			LoadAssemblies (83ms)
			RebuildTransferFunctionScriptingTraits (0ms)
			SetupTypeCache (232ms)
			ReleaseScriptCaches (2ms)
			RebuildScriptCaches (54ms)
			SetupLoadedEditorAssemblies (356ms)
				LogAssemblyErrors (0ms)
				InitializePlatformSupportModulesInManaged (13ms)
				SetLoadedEditorAssemblies (0ms)
				RefreshPlugins (1ms)
				BeforeProcessingInitializeOnLoad (89ms)
				ProcessInitializeOnLoadAttributes (212ms)
				ProcessInitializeOnLoadMethodAttributes (29ms)
				AfterProcessingInitializeOnLoad (11ms)
				EditorAssembliesLoaded (0ms)
			ExecutionOrderSort2 (0ms)
			AwakeInstancesAfterBackupRestoration (6ms)
Platform modules already initialized, skipping
Refreshing native plugins compatible for Editor in 1.99 ms, found 3 plugins.
Preloading 0 native plugins for Editor in 0.00 ms.
Unloading 3238 Unused Serialized files (Serialized files now loaded: 0)
Unloading 16 unused Assets / (24.6 KB). Loaded Objects now: 3714.
Memory consumption went from 128.3 MB to 128.3 MB.
Total: 2.368000 ms (FindLiveObjects: 0.199600 ms CreateObjectMapping: 0.118100 ms MarkObjects: 2.034900 ms  DeleteObjects: 0.014600 ms)

AssetImportParameters requested are different than current active one (requested -> active):
  custom:video-decoder-ogg-theora: a1e56fd34408186e4bbccfd4996cb3dc -> 
  custom:container-muxer-webm: aa71ff27fc2769a1b78a27578f13a17b -> 
  custom:container-demuxer-webm: 4f35f7cbe854078d1ac9338744f61a02 -> 
  custom:video-encoder-webm-vp8: eb34c28f22e8b96e1ab97ce403110664 -> 
  custom:audio-encoder-webm-vorbis: bf7c407c2cedff20999df2af8eb42d56 -> 
  custom:framework-win-MediaFoundation: 216162199b28c13a410421893ffa2e32 -> 
  custom:container-demuxer-ogg: 62fdf1f143b41e24485cea50d1cbac27 -> 
  custom:video-decoder-webm-vp8: 9c59270c3fd7afecdb556c50c9e8de78 -> 
  custom:audio-decoder-ogg-vorbis: bf7c407c2cedff20999df2af8eb42d56 -> 
========================================================================
Received Import Request.
  Time since last request: 122.308458 seconds.
  path: Assets/Materials/Import/Bobble Wars Enemy texture 1.mat
  artifactKey: Guid(997998f6f692241fe99d3882821e35bd) Importer(815301076,1909f56bfc062723c751e8b465ee728b)
Start importing Assets/Materials/Import/Bobble Wars Enemy texture 1.mat using Guid(997998f6f692241fe99d3882821e35bd) Importer(815301076,1909f56bfc062723c751e8b465ee728b)  -> (artifact id: '7c0c0498d014f160622c5a4702092d59') in 0.212844 seconds 
========================================================================
Received Import Request.
  Time since last request: 0.000017 seconds.
  path: Assets/Materials/Import/Main_Material__Bobble_Wars_Marine_texture_psd.mat
  artifactKey: Guid(a5d972d8ba99c45aa8ac1d1f81cffe93) Importer(815301076,1909f56bfc062723c751e8b465ee728b)
Start importing Assets/Materials/Import/Main_Material__Bobble_Wars_Marine_texture_psd.mat using Guid(a5d972d8ba99c45aa8ac1d1f81cffe93) Importer(815301076,1909f56bfc062723c751e8b465ee728b)  -> (artifact id: '08d4f96d78b4ff51e585b4c4eebd7fae') in 0.025835 seconds 
========================================================================
Received Import Request.
  Time since last request: 0.000022 seconds.
  path: Assets/Materials/Import/glow.mat
  artifactKey: Guid(c9d936dc698ac4a3394a70531b0403e3) Importer(815301076,1909f56bfc062723c751e8b465ee728b)
Start importing Assets/Materials/Import/glow.mat using Guid(c9d936dc698ac4a3394a70531b0403e3) Importer(815301076,1909f56bfc062723c751e8b465ee728b)  -> (artifact id: '448a9208b507315c3ef855214a58ef1d') in 0.017473 seconds 
========================================================================
Received Import Request.
  Time since last request: 0.000016 seconds.
  path: Assets/Materials/Import/No Name.mat
  artifactKey: Guid(f668b1d02ea604d2686ff930fe8963e1) Importer(815301076,1909f56bfc062723c751e8b465ee728b)
Start importing Assets/Materials/Import/No Name.mat using Guid(f668b1d02ea604d2686ff930fe8963e1) Importer(815301076,1909f56bfc062723c751e8b465ee728b)  -> (artifact id: 'e4552c15d38797b70278e2da581610e4') in 0.015069 seconds 
========================================================================
Received Import Request.
  Time since last request: 0.000015 seconds.
  path: Assets/Materials/Import/BobbleArena2-Material.mat
  artifactKey: Guid(097709bcee4f74eb2888820c0d349b72) Importer(815301076,1909f56bfc062723c751e8b465ee728b)
Start importing Assets/Materials/Import/BobbleArena2-Material.mat using Guid(097709bcee4f74eb2888820c0d349b72) Importer(815301076,1909f56bfc062723c751e8b465ee728b)  -> (artifact id: '73882a198e9ebd55d6362b7f89d35607') in 0.015515 seconds 
========================================================================
Received Import Request.
  Time since last request: 0.000017 seconds.
  path: Assets/Materials/Import/BobbleEnemy-Body3-Main_Texture__Bobble_Wars_Enemy_texture_psd.mat
  artifactKey: Guid(5d39e27b183f94849b4d1f3fbc6d1366) Importer(815301076,1909f56bfc062723c751e8b465ee728b)
Start importing Assets/Materials/Import/BobbleEnemy-Body3-Main_Texture__Bobble_Wars_Enemy_texture_psd.mat using Guid(5d39e27b183f94849b4d1f3fbc6d1366) Importer(815301076,1909f56bfc062723c751e8b465ee728b)  -> (artifact id: '3b93d56586fe77f67c7d93d8b2031d48') in 0.015595 seconds 
========================================================================
Received Import Request.
  Time since last request: 0.000016 seconds.
  path: Assets/Materials/Import/Main_Material.mat
  artifactKey: Guid(61623e562095b48bc931b1d62ed5efbd) Importer(815301076,1909f56bfc062723c751e8b465ee728b)
Start importing Assets/Materials/Import/Main_Material.mat using Guid(61623e562095b48bc931b1d62ed5efbd) Importer(815301076,1909f56bfc062723c751e8b465ee728b)  -> (artifact id: '153c4eb87611f3b68ae162fbe4103af7') in 0.017285 seconds 
========================================================================
Received Import Request.
  Time since last request: 0.000016 seconds.
  path: Assets/Materials/Import/Main_Texture__Bobble_Wars_Marine_texture_psd.mat
  artifactKey: Guid(1124b61db43e34233a7ccd3b0fb9a53a) Importer(815301076,1909f56bfc062723c751e8b465ee728b)
Start importing Assets/Materials/Import/Main_Texture__Bobble_Wars_Marine_texture_psd.mat using Guid(1124b61db43e34233a7ccd3b0fb9a53a) Importer(815301076,1909f56bfc062723c751e8b465ee728b)  -> (artifact id: 'e57233fc7a3144aaf04165b66c8d06cc') in 0.021352 seconds 
========================================================================
Received Import Request.
  Time since last request: 0.000021 seconds.
  path: Assets/Materials/Import/Bobble Wars Marine texture 6.mat
  artifactKey: Guid(83ea1bb525d7244e98e6e3f4da87c55f) Importer(815301076,1909f56bfc062723c751e8b465ee728b)
Start importing Assets/Materials/Import/Bobble Wars Marine texture 6.mat using Guid(83ea1bb525d7244e98e6e3f4da87c55f) Importer(815301076,1909f56bfc062723c751e8b465ee728b)  -> (artifact id: 'e1fe3f6ba12aaaa98c8423d6bdefed60') in 0.017313 seconds 
========================================================================
Received Import Request.
  Time since last request: 0.000017 seconds.
  path: Assets/Materials/Import/BobbleArena2-Main_Texture__Bobble_Wars_Marine_texture_psd.mat
  artifactKey: Guid(7fdda9a8c243e4934997cd94fa7e59a6) Importer(815301076,1909f56bfc062723c751e8b465ee728b)
Start importing Assets/Materials/Import/BobbleArena2-Main_Texture__Bobble_Wars_Marine_texture_psd.mat using Guid(7fdda9a8c243e4934997cd94fa7e59a6) Importer(815301076,1909f56bfc062723c751e8b465ee728b)  -> (artifact id: 'ce88bb13b94e5caa9036e9fb13f62ff6') in 0.016599 seconds 
========================================================================
Received Import Request.
  Time since last request: 0.000020 seconds.
  path: Assets/Materials/Import/Material.mat
  artifactKey: Guid(68f4c7f11e1374e7f8b76c8580152b59) Importer(815301076,1909f56bfc062723c751e8b465ee728b)
Start importing Assets/Materials/Import/Material.mat using Guid(68f4c7f11e1374e7f8b76c8580152b59) Importer(815301076,1909f56bfc062723c751e8b465ee728b)  -> (artifact id: '114ad1b9493c3392b21cc2639d39b421') in 0.014969 seconds 
========================================================================
Received Import Request.
  Time since last request: 0.000019 seconds.
  path: Assets/Materials/Import/Main Texture.mat
  artifactKey: Guid(4621ff5621e954011be385753b165479) Importer(815301076,1909f56bfc062723c751e8b465ee728b)
Start importing Assets/Materials/Import/Main Texture.mat using Guid(4621ff5621e954011be385753b165479) Importer(815301076,1909f56bfc062723c751e8b465ee728b)  -> (artifact id: 'b672e22b5250e60a56be3df633db05c4') in 0.018227 seconds 
========================================================================
Received Import Request.
  Time since last request: 0.000017 seconds.
  path: Assets/Materials/Import/BobbleEnemy-Body3-Main_Texture.mat
  artifactKey: Guid(40347893886c446f9b000a7cfc0dfec1) Importer(815301076,1909f56bfc062723c751e8b465ee728b)
Start importing Assets/Materials/Import/BobbleEnemy-Body3-Main_Texture.mat using Guid(40347893886c446f9b000a7cfc0dfec1) Importer(815301076,1909f56bfc062723c751e8b465ee728b)  -> (artifact id: '7c2d4a8597dbc1955b7d4956f75748db') in 0.017714 seconds 
========================================================================
Received Import Request.
  Time since last request: 0.000025 seconds.
  path: Assets/Materials/Import/BobbleArena2-unnamed.mat
  artifactKey: Guid(b9f9c5bc889924ed6b5fe55f44df51d9) Importer(815301076,1909f56bfc062723c751e8b465ee728b)
Start importing Assets/Materials/Import/BobbleArena2-unnamed.mat using Guid(b9f9c5bc889924ed6b5fe55f44df51d9) Importer(815301076,1909f56bfc062723c751e8b465ee728b)  -> (artifact id: '3648b2ee923b11bcb9132d5e6bdc903f') in 0.019068 seconds 
========================================================================
Received Import Request.
  Time since last request: 0.000017 seconds.
  path: Assets/Materials/Import/BobbleArena-Main Texture.mat
  artifactKey: Guid(578c991fd886f4f9a95eb8a6c2f43608) Importer(815301076,1909f56bfc062723c751e8b465ee728b)
Start importing Assets/Materials/Import/BobbleArena-Main Texture.mat using Guid(578c991fd886f4f9a95eb8a6c2f43608) Importer(815301076,1909f56bfc062723c751e8b465ee728b)  -> (artifact id: 'e80712322e9d93bf0b1046d7f31061c5') in 0.016703 seconds 
========================================================================
Received Import Request.
  Time since last request: 0.000019 seconds.
  path: Assets/Materials/Import/BobbleEnemy-Body-Main_Texture__Bobble_Wars_Enemy_texture_psd.mat
  artifactKey: Guid(a78b581e5c19b46c3b97f4fd0296f1a7) Importer(815301076,1909f56bfc062723c751e8b465ee728b)
Start importing Assets/Materials/Import/BobbleEnemy-Body-Main_Texture__Bobble_Wars_Enemy_texture_psd.mat using Guid(a78b581e5c19b46c3b97f4fd0296f1a7) Importer(815301076,1909f56bfc062723c751e8b465ee728b)  -> (artifact id: '1d70257977590253d791fcbdd202838a') in 0.018524 seconds 
========================================================================
Received Import Request.
  Time since last request: 0.000019 seconds.
  path: Assets/Materials/Import/Projectile Particle.mat
  artifactKey: Guid(9019c157c3b7c4200beed4d738d119c4) Importer(815301076,1909f56bfc062723c751e8b465ee728b)
Start importing Assets/Materials/Import/Projectile Particle.mat using Guid(9019c157c3b7c4200beed4d738d119c4) Importer(815301076,1909f56bfc062723c751e8b465ee728b)  -> (artifact id: 'ae9a797232bd6642e1cd2b575fe2756d') in 0.016205 seconds 
========================================================================
Received Import Request.
  Time since last request: 0.000016 seconds.
  path: Assets/Materials/Import/BobbleArena-Column-Main_Material__Bobble_Wars_Marine_texture_psd.mat
  artifactKey: Guid(c04633bb19f6443ad9f1af0f3443925e) Importer(815301076,1909f56bfc062723c751e8b465ee728b)
Start importing Assets/Materials/Import/BobbleArena-Column-Main_Material__Bobble_Wars_Marine_texture_psd.mat using Guid(c04633bb19f6443ad9f1af0f3443925e) Importer(815301076,1909f56bfc062723c751e8b465ee728b)  -> (artifact id: '5d2c4fa6440b32978ba69064852b4f7d') in 0.017694 seconds 
========================================================================
Received Import Request.
  Time since last request: 0.000014 seconds.
  path: Assets/Materials/Import/Bobble Wars Marine texture 4.mat
  artifactKey: Guid(15c44105e03144432841c106bfc6aeb6) Importer(815301076,1909f56bfc062723c751e8b465ee728b)
Start importing Assets/Materials/Import/Bobble Wars Marine texture 4.mat using Guid(15c44105e03144432841c106bfc6aeb6) Importer(815301076,1909f56bfc062723c751e8b465ee728b)  -> (artifact id: '36373f1fc85f5287ed42e08a7963df6b') in 0.016093 seconds 
========================================================================
Received Import Request.
  Time since last request: 0.000017 seconds.
  path: Assets/Materials/Import/Bobble Wars Marine texture 9.mat
  artifactKey: Guid(d91b8968d8e0a4ef8a2b8fbe40b52eed) Importer(815301076,1909f56bfc062723c751e8b465ee728b)
Start importing Assets/Materials/Import/Bobble Wars Marine texture 9.mat using Guid(d91b8968d8e0a4ef8a2b8fbe40b52eed) Importer(815301076,1909f56bfc062723c751e8b465ee728b)  -> (artifact id: 'd7c3cc2655fd0e6cc3048f75ae5d900f') in 0.017727 seconds 
========================================================================
Received Import Request.
  Time since last request: 0.000015 seconds.
  path: Assets/Materials/Import/Projectile Material.mat
  artifactKey: Guid(61587d58be0f644dea59ace9814dd1a5) Importer(815301076,1909f56bfc062723c751e8b465ee728b)
Start importing Assets/Materials/Import/Projectile Material.mat using Guid(61587d58be0f644dea59ace9814dd1a5) Importer(815301076,1909f56bfc062723c751e8b465ee728b)  -> (artifact id: 'e41dbd8f1fbc53d6a9b7a638aa15eb29') in 0.015496 seconds 
========================================================================
Received Import Request.
  Time since last request: 0.820190 seconds.
  path: Assets/Materials/Import/Materials
  artifactKey: Guid(b7f8a595f37ad5c498b37874bb987297) Importer(815301076,1909f56bfc062723c751e8b465ee728b)
Start importing Assets/Materials/Import/Materials using Guid(b7f8a595f37ad5c498b37874bb987297) Importer(815301076,1909f56bfc062723c751e8b465ee728b)  -> (artifact id: '5263d5dbdfa65c5dd593395cdd31e7f6') in 0.002927 seconds 
========================================================================
Received Import Request.
  Time since last request: 0.060981 seconds.
  path: Assets/Materials/Import/Materials/BobbleArena-Main_Texture.mat
  artifactKey: Guid(b5f0e309658dfb9468ff9b8c1d68247e) Importer(815301076,1909f56bfc062723c751e8b465ee728b)
Start importing Assets/Materials/Import/Materials/BobbleArena-Main_Texture.mat using Guid(b5f0e309658dfb9468ff9b8c1d68247e) Importer(815301076,1909f56bfc062723c751e8b465ee728b)  -> (artifact id: '76834618f9108d89dfb31f17d69d86bd') in 0.015530 seconds 
========================================================================
Received Import Request.
  Time since last request: 0.000016 seconds.
  path: Assets/Materials/Import/Materials/Main_Material__Bobble_Wars_Marine_texture_psd.mat
  artifactKey: Guid(70b46344bab9e3e468f6dfcdb7e49d2f) Importer(815301076,1909f56bfc062723c751e8b465ee728b)
Start importing Assets/Materials/Import/Materials/Main_Material__Bobble_Wars_Marine_texture_psd.mat using Guid(70b46344bab9e3e468f6dfcdb7e49d2f) Importer(815301076,1909f56bfc062723c751e8b465ee728b)  -> (artifact id: 'b895486e07f79fa0db81fb7f95791c7f') in 0.013636 seconds 
========================================================================
Received Import Request.
  Time since last request: 0.000018 seconds.
  path: Assets/Materials/Import/Materials/BobbleEnemy-Head-Main Texture.mat
  artifactKey: Guid(30c5a5cf5a3f0f549b187bcca6d09e38) Importer(815301076,1909f56bfc062723c751e8b465ee728b)
Start importing Assets/Materials/Import/Materials/BobbleEnemy-Head-Main Texture.mat using Guid(30c5a5cf5a3f0f549b187bcca6d09e38) Importer(815301076,1909f56bfc062723c751e8b465ee728b)  -> (artifact id: '48d01e0b341a7ed64cd51b4a3652efd8') in 0.015659 seconds 
========================================================================
Received Import Request.
  Time since last request: 0.000015 seconds.
  path: Assets/Materials/Import/Materials/Main_Material.mat
  artifactKey: Guid(83114cd19df7c9f46b463e7b2e35ea0a) Importer(815301076,1909f56bfc062723c751e8b465ee728b)
Start importing Assets/Materials/Import/Materials/Main_Material.mat using Guid(83114cd19df7c9f46b463e7b2e35ea0a) Importer(815301076,1909f56bfc062723c751e8b465ee728b)  -> (artifact id: 'ee45b438cefcf6c6b8a254eb30c26173') in 0.010192 seconds 
========================================================================
Received Import Request.
  Time since last request: 0.000013 seconds.
  path: Assets/Materials/Import/Materials/BobbleArena-unnamed.mat
  artifactKey: Guid(ce19a736ac745eb48bb5259ea3e7c98d) Importer(815301076,1909f56bfc062723c751e8b465ee728b)
Start importing Assets/Materials/Import/Materials/BobbleArena-unnamed.mat using Guid(ce19a736ac745eb48bb5259ea3e7c98d) Importer(815301076,1909f56bfc062723c751e8b465ee728b)  -> (artifact id: 'b11ceb0cee3293bda0587a7b459cd986') in 0.013932 seconds 
========================================================================
Received Prepare
Registering precompiled user dll's ...
Registered in 0.005090 seconds.
Begin MonoManager ReloadAssembly
Symbol file LoadedFromMemory doesn't match image C:\School\Second Year\First Semester\GAME_312\Lab1-BobbleheadWars-2022\Library\PackageCache\com.unity.visualscripting@1.7.6\Editor\VisualScripting.Core\Dependencies\YamlDotNet\Unity.VisualScripting.YamlDotNet.dll
Symbol file LoadedFromMemory doesn't match image C:\School\Second Year\First Semester\GAME_312\Lab1-BobbleheadWars-2022\Library\PackageCache\com.unity.visualscripting@1.7.6\Editor\VisualScripting.Core\Dependencies\DotNetZip\Unity.VisualScripting.IonicZip.dll
Native extension for WindowsStandalone target not found
Refreshing native plugins compatible for Editor in 0.53 ms, found 3 plugins.
Preloading 0 native plugins for Editor in 0.00 ms.
Mono: successfully reloaded assembly
- Completed reload, in  0.966 seconds
Domain Reload Profiling:
	ReloadAssembly (967ms)
		BeginReloadAssembly (121ms)
			ExecutionOrderSort (0ms)
			DisableScriptedObjects (4ms)
			BackupInstance (0ms)
			ReleaseScriptingObjects (0ms)
			CreateAndSetChildDomain (30ms)
		EndReloadAssembly (742ms)
			LoadAssemblies (78ms)
			RebuildTransferFunctionScriptingTraits (0ms)
			SetupTypeCache (229ms)
			ReleaseScriptCaches (2ms)
			RebuildScriptCaches (51ms)
			SetupLoadedEditorAssemblies (344ms)
				LogAssemblyErrors (0ms)
				InitializePlatformSupportModulesInManaged (15ms)
				SetLoadedEditorAssemblies (0ms)
				RefreshPlugins (1ms)
				BeforeProcessingInitializeOnLoad (84ms)
				ProcessInitializeOnLoadAttributes (207ms)
				ProcessInitializeOnLoadMethodAttributes (28ms)
				AfterProcessingInitializeOnLoad (10ms)
				EditorAssembliesLoaded (0ms)
			ExecutionOrderSort2 (0ms)
			AwakeInstancesAfterBackupRestoration (5ms)
Platform modules already initialized, skipping
Refreshing native plugins compatible for Editor in 1.84 ms, found 3 plugins.
Preloading 0 native plugins for Editor in 0.00 ms.
Unloading 3238 Unused Serialized files (Serialized files now loaded: 0)
Unloading 16 unused Assets / (24.7 KB). Loaded Objects now: 3750.
Memory consumption went from 128.7 MB to 128.6 MB.
Total: 2.388400 ms (FindLiveObjects: 0.206000 ms CreateObjectMapping: 0.125400 ms MarkObjects: 2.040700 ms  DeleteObjects: 0.015300 ms)

AssetImportParameters requested are different than current active one (requested -> active):
  custom:video-decoder-ogg-theora: a1e56fd34408186e4bbccfd4996cb3dc -> 
  custom:container-muxer-webm: aa71ff27fc2769a1b78a27578f13a17b -> 
  custom:container-demuxer-webm: 4f35f7cbe854078d1ac9338744f61a02 -> 
  custom:video-encoder-webm-vp8: eb34c28f22e8b96e1ab97ce403110664 -> 
  custom:audio-encoder-webm-vorbis: bf7c407c2cedff20999df2af8eb42d56 -> 
  custom:framework-win-MediaFoundation: 216162199b28c13a410421893ffa2e32 -> 
  custom:container-demuxer-ogg: 62fdf1f143b41e24485cea50d1cbac27 -> 
  custom:video-decoder-webm-vp8: 9c59270c3fd7afecdb556c50c9e8de78 -> 
  custom:audio-decoder-ogg-vorbis: bf7c407c2cedff20999df2af8eb42d56 -> 
